[     838ms] Uncaught TypeError: 'caller', 'callee', and 'arguments' properties may not be accessed on strict mode functions or the arguments objects for calls to them
    at e.typeOf (https://f.vimeocdn.com/js_opt/global_legacy_combined_c57c771ea991fdddd11d2dd7018fcf71.min.js:0:343)
    at Array.from (https://f.vimeocdn.com/js_opt/global_legacy_combined_c57c771ea991fdddd11d2dd7018fcf71.min.js:0:2152)
    at <anonymous> (https://transcend-cdn.com/cm/31e97cbf-355c-4f0d-8bad-9cd945121508/ui.js:30:24667)
    at <anonymous> (https://transcend-cdn.com/cm/31e97cbf-355c-4f0d-8bad-9cd945121508/ui.js:30:44749)
    at <anonymous> (https://transcend-cdn.com/cm/31e97cbf-355c-4f0d-8bad-9cd945121508/ui.js:8:619)
    at <anonymous> (https://transcend-cdn.com/cm/31e97cbf-355c-4f0d-8bad-9cd945121508/ui.js:30:50541)
    at <anonymous> (https://transcend-cdn.com/cm/31e97cbf-355c-4f0d-8bad-9cd945121508/ui.js:8:619)
    at <anonymous> (https://transcend-cdn.com/cm/31e97cbf-355c-4f0d-8bad-9cd945121508/ui.js:32:19842)
    at <anonymous> (https://transcend-cdn.com/cm/31e97cbf-355c-4f0d-8bad-9cd945121508/ui.js:8:619)
    at <anonymous> (https://transcend-cdn.com/cm/31e97cbf-355c-4f0d-8bad-9cd945121508/ui.js:32:34876)
    at <anonymous> (https://transcend-cdn.com/cm/31e97cbf-355c-4f0d-8bad-9cd945121508/ui.js:8:619)
    at <anonymous> (https://transcend-cdn.com/cm/31e97cbf-355c-4f0d-8bad-9cd945121508/ui.js:36:51890)
    at <anonymous> (https://transcend-cdn.com/cm/31e97cbf-355c-4f0d-8bad-9cd945121508/ui.js:38:5545)
    at <anonymous> (https://transcend-cdn.com/cm/31e97cbf-355c-4f0d-8bad-9cd945121508/ui.js:39:2)
    at <anonymous> (https://transcend-cdn.com/cm/31e97cbf-355c-4f0d-8bad-9cd945121508/ui.js:40:2)
[     840ms] Uncaught (in promise) TypeError: Cannot read properties of undefined (reading 'toLowerCase')
    at e.serialize (https://f.vimeocdn.com/js_opt/_bundles/top_navigation.6b6e1b51d1b095e43875.bundle.min.js:12:21776)
    at e.serialize (https://f.vimeocdn.com/js_opt/_bundles/top_navigation.6b6e1b51d1b095e43875.bundle.min.js:12:22142)
    at e.serialize (https://f.vimeocdn.com/js_opt/_bundles/top_navigation.6b6e1b51d1b095e43875.bundle.min.js:12:21936)
    at <anonymous> (https://f.vimeocdn.com/js_opt/_bundles/top_navigation.6b6e1b51d1b095e43875.bundle.min.js:12:17050)
    at <anonymous> (https://f.vimeocdn.com/js_opt/_bundles/top_navigation.6b6e1b51d1b095e43875.bundle.min.js:12:13735)
    at <anonymous> (https://f.vimeocdn.com/js_opt/_bundles/top_navigation.6b6e1b51d1b095e43875.bundle.min.js:12:13840)
    at <anonymous> (https://f.vimeocdn.com/js_opt/_bundles/top_navigation.6b6e1b51d1b095e43875.bundle.min.js:12:12732)
    at r (https://f.vimeocdn.com/js_opt/_bundles/top_navigation.6b6e1b51d1b095e43875.bundle.min.js:12:12480)
    at e.sendEventWithContexts (https://f.vimeocdn.com/js_opt/_bundles/top_navigation.6b6e1b51d1b095e43875.bundle.min.js:12:16699)
    at <anonymous> (https://f.vimeocdn.com/js_opt/_bundles/top_navigation.6b6e1b51d1b095e43875.bundle.min.js:12:78760)
    at ft (https://f.vimeocdn.com/js_opt/_bundles/top_navigation.6b6e1b51d1b095e43875.bundle.min.js:12:78787)
    at <anonymous> (https://f.vimeocdn.com/js_opt/_bundles/top_navigation.6b6e1b51d1b095e43875.bundle.min.js:12:274926)
    at value (https://f.vimeocdn.com/js_opt/_bundles/top_navigation.6b6e1b51d1b095e43875.bundle.min.js:12:275139)
    at e.notifyAll (https://f.vimeocdn.com/js_opt/react_prod_combined_ccb7d5c4cff728ceadb9996f385b2d09.min.js:1:11906)
    at close (https://f.vimeocdn.com/js_opt/react_prod_combined_ccb7d5c4cff728ceadb9996f385b2d09.min.js:3:22030)
    at closeAll (https://f.vimeocdn.com/js_opt/react_prod_combined_ccb7d5c4cff728ceadb9996f385b2d09.min.js:4:13610)
    at perform (https://f.vimeocdn.com/js_opt/react_prod_combined_ccb7d5c4cff728ceadb9996f385b2d09.min.js:4:13099)
    at s (https://f.vimeocdn.com/js_opt/react_prod_combined_ccb7d5c4cff728ceadb9996f385b2d09.min.js:3:14721)
    at perform (https://f.vimeocdn.com/js_opt/react_prod_combined_ccb7d5c4cff728ceadb9996f385b2d09.min.js:4:13016)
    at batchedUpdates (https://f.vimeocdn.com/js_opt/react_prod_combined_ccb7d5c4cff728ceadb9996f385b2d09.min.js:3:7774)
    at i (https://f.vimeocdn.com/js_opt/react_prod_combined_ccb7d5c4cff728ceadb9996f385b2d09.min.js:3:26850)
    at _renderNewRootComponent (https://f.vimeocdn.com/js_opt/react_prod_combined_ccb7d5c4cff728ceadb9996f385b2d09.min.js:3:15982)
    at _renderSubtreeIntoContainer (https://f.vimeocdn.com/js_opt/react_prod_combined_ccb7d5c4cff728ceadb9996f385b2d09.min.js:3:16979)
    at render (https://f.vimeocdn.com/js_opt/react_prod_combined_ccb7d5c4cff728ceadb9996f385b2d09.min.js:3:17106)
    at <anonymous> (https://f.vimeocdn.com/js_opt/_bundles/top_navigation.6b6e1b51d1b095e43875.bundle.min.js:11:69396)
    at <anonymous> (https://f.vimeocdn.com/js_opt/_bundles/top_navigation.6b6e1b51d1b095e43875.bundle.min.js:11:69505)
    at n (https://f.vimeocdn.com/js_opt/_bundles/top_navigation.6b6e1b51d1b095e43875.bundle.min.js:0:109)
    at <anonymous> (https://f.vimeocdn.com/js_opt/_bundles/top_navigation.6b6e1b51d1b095e43875.bundle.min.js:0:450)
    at <anonymous> (https://f.vimeocdn.com/js_opt/_bundles/top_navigation.6b6e1b51d1b095e43875.bundle.min.js:0:460)
